Sat Jun 20 14:53:14 2026
 GET /style.css HTTP/1.1
Host: localhost:8080
User-Agent: curl/8.5.0
Accept: */*


Sat Jun 20 14:53:36 2026
 GET / HTTP/1.1
Host: localhost:8080
Connection: keep-alive
Upgrade-Insecure-Requests: 1
User-Agent: Mozilla/5.0 (X11; Linux x86_64) AppleWebKit/537.36 (KHTML, like Gecko) Code/1.124.0 Chrome/148.0.7778.97 Electron/42.2.0 Safari/537.36
Accept: text/html,application/xhtml+xml,application/xml;q=0.9,image/avif,image/webp,image/apng,*/*;q=0.8,application/signed-exchange;v=b3;q=0.7
Sec-Fetch-Site: none
Sec-Fetch-Mode: navigate
Sec-Fetch-User: ?1
Sec-Fetch-Dest: document
Accept-Encoding: gzip, deflate, br, zstd
Accept-Language: en-US


Sat Jun 20 14:55:00 2026
 GET /abc HTTP/1.1
Host: localhost:8080
Connection: keep-alive
sec-ch-ua: "Brave";v="149", "Chromium";v="149", "Not)A;Brand";v="24"
sec-ch-ua-mobile: ?0
sec-ch-ua-platform: "Linux"
Upgrade-Insecure-Requests: 1
User-Agent: Mozilla/5.0 (X11; Linux x86_64) AppleWebKit/537.36 (KHTML, like Gecko) Chrome/149.0.0.0 Safari/537.36
Accept: text/html,application/xhtml+xml,application/xml;q=0.9,image/avif,image/webp,image/apng,*/*;q=0.8
Sec-GPC: 1
Accept-Language: en-US,en;q=0.7
Sec-Fetch-Site: none
Sec-Fetch-Mode: navigate
Sec-Fetch-User: ?1
Sec-Fetch-Dest: document
Accept-Encoding: gzip, deflate, br, zstd


Sat Jun 20 14:55:47 2026
 GET /style.css HTTP/1.1
Host: localhost:8080
User-Agent: curl/8.5.0
Accept: */*


Sat Jun 20 14:56:01 2026
 GET /abc HTTP/1.1
Host: localhost:8080
Connection: keep-alive
Cache-Control: max-age=0
sec-ch-ua: "Brave";v="149", "Chromium";v="149", "Not)A;Brand";v="24"
sec-ch-ua-mobile: ?0
sec-ch-ua-platform: "Linux"
Upgrade-Insecure-Requests: 1
User-Agent: Mozilla/5.0 (X11; Linux x86_64) AppleWebKit/537.36 (KHTML, like Gecko) Chrome/149.0.0.0 Safari/537.36
Accept: text/html,application/xhtml+xml,application/xml;q=0.9,image/avif,image/webp,image/apng,*/*;q=0.8
Sec-GPC: 1
Accept-Language: en-US,en;q=0.7
Sec-Fetch-Site: none
Sec-Fetch-Mode: navigate
Sec-Fetch-User: ?1
Sec-Fetch-Dest: document
Accept-Encoding: gzip, deflate, br, zstd


Sat Jun 20 14:56:12 2026
 GET /abc HTTP/1.1
Host: localhost:8080
Connection: keep-alive
sec-ch-ua: "Brave";v="149", "Chromium";v="149", "Not)A;Brand";v="24"
sec-ch-ua-mobile: ?0
sec-ch-ua-platform: "Linux"
Upgrade-Insecure-Requests: 1
User-Agent: Mozilla/5.0 (X11; Linux x86_64) AppleWebKit/537.36 (KHTML, like Gecko) Chrome/149.0.0.0 Safari/537.36
Accept: text/html,application/xhtml+xml,application/xml;q=0.9,image/avif,image/webp,image/apng,*/*;q=0.8
Sec-GPC: 1
Accept-Language: en-US,en;q=0.7
Sec-Fetch-Site: none
Sec-Fetch-Mode: navigate
Sec-Fetch-User: ?1
Sec-Fetch-Dest: document
Accept-Encoding: gzip, deflate, br, zstd


Sat Jun 20 15:09:22 2026
 GET / HTTP/1.1
Host: localhost:8080
Connection: keep-alive
Upgrade-Insecure-Requests: 1
User-Agent: Mozilla/5.0 (X11; Linux x86_64) AppleWebKit/537.36 (KHTML, like Gecko) Code/1.124.0 Chrome/148.0.7778.97 Electron/42.2.0 Safari/537.36
Accept: text/html,application/xhtml+xml,application/xml;q=0.9,image/avif,image/webp,image/apng,*/*;q=0.8,application/signed-exchange;v=b3;q=0.7
Sec-Fetch-Site: none
Sec-Fetch-Mode: navigate
Sec-Fetch-User: ?1
Sec-Fetch-Dest: document
Accept-Encoding: gzip, deflate, br, zstd
Accept-Language: en-US


Sat Jun 20 15:12:51 2026
 GET / HTTP/1.1
Host: localhost:8080
Connection: keep-alive
Upgrade-Insecure-Requests: 1
User-Agent: Mozilla/5.0 (X11; Linux x86_64) AppleWebKit/537.36 (KHTML, like Gecko) Code/1.124.0 Chrome/148.0.7778.97 Electron/42.2.0 Safari/537.36
Accept: text/html,application/xhtml+xml,application/xml;q=0.9,image/avif,image/webp,image/apng,*/*;q=0.8,application/signed-exchange;v=b3;q=0.7
Sec-Fetch-Site: none
Sec-Fetch-Mode: navigate
Sec-Fetch-User: ?1
Sec-Fetch-Dest: document
Accept-Encoding: gzip, deflate, br, zstd
Accept-Language: en-US


Sat Jun 20 15:13:33 2026
 GET /hello HTTP/1.1
Host: localhost:8080
User-Agent: curl/8.5.0
Accept: */*


Sat Jun 20 15:19:42 2026
 GET /abc HTTP/1.1
Host: localhost:8080
Connection: keep-alive
sec-ch-ua: "Brave";v="149", "Chromium";v="149", "Not)A;Brand";v="24"
sec-ch-ua-mobile: ?0
sec-ch-ua-platform: "Linux"
Upgrade-Insecure-Requests: 1
User-Agent: Mozilla/5.0 (X11; Linux x86_64) AppleWebKit/537.36 (KHTML, like Gecko) Chrome/149.0.0.0 Safari/537.36
Accept: text/html,application/xhtml+xml,application/xml;q=0.9,image/avif,image/webp,image/apng,*/*;q=0.8
Sec-GPC: 1
Accept-Language: en-US,en;q=0.7
Sec-Fetch-Site: none
Sec-Fetch-Mode: navigate
Sec-Fetch-User: ?1
Sec-Fetch-Dest: document
Accept-Encoding: gzip, deflate, br, zstd


Sat Jun 20 15:19:42 2026
 GET /favicon.ico HTTP/1.1
Host: localhost:8080
Connection: keep-alive
sec-ch-ua-platform: "Linux"
User-Agent: Mozilla/5.0 (X11; Linux x86_64) AppleWebKit/537.36 (KHTML, like Gecko) Chrome/149.0.0.0 Safari/537.36
sec-ch-ua: "Brave";v="149", "Chromium";v="149", "Not)A;Brand";v="24"
sec-ch-ua-mobile: ?0
Accept: image/avif,image/webp,image/apng,image/svg+xml,image/*,*/*;q=0.8
Sec-GPC: 1
Accept-Language: en-US,en;q=0.7
Sec-Fetch-Site: same-origin
Sec-Fetch-Mode: no-cors
Sec-Fetch-Dest: image
Referer: http://localhost:8080/abc
Accept-Encoding: gzip, deflate, br, zstd


Sat Jun 20 15:22:08 2026
 GET /hello HTTP/1.1
Host: localhost:8080
User-Agent: curl/8.5.0
Accept: */*


Sat Jun 20 15:22:08 2026
 GET /hello HTTP/1.1
Host: localhost:8080
User-Agent: curl/8.5.0
Accept: */*


Sat Jun 20 15:22:08 2026
 GET /hello HTTP/1.1
Host: localhost:8080
User-Agent: curl/8.5.0
Accept: */*


Sat Jun 20 15:22:08 2026
 GET /hello HTTP/1.1
Host: localhost:8080
User-Agent: curl/8.5.0
Accept: */*


Sat Jun 20 15:22:08 2026
 GET /hello HTTP/1.1
Host: localhost:8080
User-Agent: curl/8.5.0
Accept: */*


Sat Jun 20 15:22:08 2026
 GET /hello HTTP/1.1
Host: localhost:8080
User-Agent: curl/8.5.0
Accept: */*


Sat Jun 20 15:22:08 2026
 GET /hello HTTP/1.1
Host: localhost:8080
User-Agent: curl/8.5.0
Accept: */*


Sat Jun 20 15:22:08 2026
 GET /hello HTTP/1.1
Host: localhost:8080
User-Agent: curl/8.5.0
Accept: */*


Sat Jun 20 15:22:08 2026
 GET /hello HTTP/1.1
Host: localhost:8080
User-Agent: curl/8.5.0
Accept: */*


Sat Jun 20 15:22:08 2026
 GET /hello HTTP/1.1
Host: localhost:8080
User-Agent: curl/8.5.0
Accept: */*


Sat Jun 20 15:22:08 2026
 GET /hello HTTP/1.1
Host: localhost:8080
User-Agent: curl/8.5.0
Accept: */*


Sat Jun 20 15:22:08 2026
 GET /hello HTTP/1.1
Host: localhost:8080
User-Agent: curl/8.5.0
Accept: */*


Sat Jun 20 15:22:08 2026
 GET /hello HTTP/1.1
Host: localhost:8080
User-Agent: curl/8.5.0
Accept: */*


Sat Jun 20 15:22:08 2026
 GET /hello HTTP/1.1
Host: localhost:8080
User-Agent: curl/8.5.0
Accept: */*


Sat Jun 20 15:22:08 2026
 GET /hello HTTP/1.1
Host: localhost:8080
User-Agent: curl/8.5.0
Accept: */*


Sat Jun 20 15:22:08 2026
 GET /hello HTTP/1.1
Host: localhost:8080
User-Agent: curl/8.5.0
Accept: */*


Sat Jun 20 15:22:08 2026
 GET /hello HTTP/1.1
Host: localhost:8080
User-Agent: curl/8.5.0
Accept: */*


Sat Jun 20 15:22:08 2026
 GET /hello HTTP/1.1
Host: localhost:8080
User-Agent: curl/8.5.0
Accept: */*


Sat Jun 20 15:22:08 2026
 GET /hello HTTP/1.1
Host: localhost:8080
User-Agent: curl/8.5.0
Accept: */*


Sat Jun 20 15:22:08 2026
 GET /hello HTTP/1.1
Host: localhost:8080
User-Agent: curl/8.5.0
Accept: */*


Sun Jun 21 05:34:13 2026
 GET / HTTP/1.1
Host: localhost:8080
Connection: keep-alive
sec-ch-ua: "Brave";v="149", "Chromium";v="149", "Not)A;Brand";v="24"
sec-ch-ua-mobile: ?0
sec-ch-ua-platform: "Linux"
Upgrade-Insecure-Requests: 1
User-Agent: Mozilla/5.0 (X11; Linux x86_64) AppleWebKit/537.36 (KHTML, like Gecko) Chrome/149.0.0.0 Safari/537.36
Accept: text/html,application/xhtml+xml,application/xml;q=0.9,image/avif,image/webp,image/apng,*/*;q=0.8
Sec-GPC: 1
Accept-Language: en-US,en;q=0.7
Sec-Fetch-Site: none
Sec-Fetch-Mode: navigate
Sec-Fetch-User: ?1
Sec-Fetch-Dest: document
Accept-Encoding: gzip, deflate, br, zstd


Sun Jun 21 05:34:13 2026
 GET /favicon.ico HTTP/1.1
Host: localhost:8080
Connection: keep-alive
sec-ch-ua-platform: "Linux"
User-Agent: Mozilla/5.0 (X11; Linux x86_64) AppleWebKit/537.36 (KHTML, like Gecko) Chrome/149.0.0.0 Safari/537.36
sec-ch-ua: "Brave";v="149", "Chromium";v="149", "Not)A;Brand";v="24"
sec-ch-ua-mobile: ?0
Accept: image/avif,image/webp,image/apng,image/svg+xml,image/*,*/*;q=0.8
Sec-GPC: 1
Accept-Language: en-US,en;q=0.7
Sec-Fetch-Site: same-origin
Sec-Fetch-Mode: no-cors
Sec-Fetch-Dest: image
Referer: http://localhost:8080/
Accept-Encoding: gzip, deflate, br, zstd


Sun Jun 21 05:35:32 2026
 GET /hello HTTP/1.1
Host: localhost:8080
User-Agent: curl/8.5.0
Accept: */*


Sun Jun 21 05:35:32 2026
 GET /hello HTTP/1.1
Host: localhost:8080
User-Agent: curl/8.5.0
Accept: */*


Sun Jun 21 05:35:32 2026
 GET /hello HTTP/1.1
Host: localhost:8080
User-Agent: curl/8.5.0
Accept: */*


Sun Jun 21 05:35:32 2026
 GET /hello HTTP/1.1
Host: localhost:8080
User-Agent: curl/8.5.0
Accept: */*


Sun Jun 21 05:35:32 2026
 GET /hello HTTP/1.1
Host: localhost:8080
User-Agent: curl/8.5.0
Accept: */*


Sun Jun 21 05:35:32 2026
 GET /hello HTTP/1.1
Host: localhost:8080
User-Agent: curl/8.5.0
Accept: */*


Sun Jun 21 05:35:32 2026
 GET /hello HTTP/1.1
Host: localhost:8080
User-Agent: curl/8.5.0
Accept: */*


Sun Jun 21 05:35:32 2026
 GET /hello HTTP/1.1
Host: localhost:8080
User-Agent: curl/8.5.0
Accept: */*


Sun Jun 21 05:35:32 2026
 GET /hello HTTP/1.1
Host: localhost:8080
User-Agent: curl/8.5.0
Accept: */*


Sun Jun 21 05:35:32 2026
 GET /hello HTTP/1.1
Host: localhost:8080
User-Agent: curl/8.5.0
Accept: */*


Sun Jun 21 05:35:32 2026
 GET /hello HTTP/1.1
Host: localhost:8080
User-Agent: curl/8.5.0
Accept: */*


Sun Jun 21 05:35:32 2026
 GET /hello HTTP/1.1
Host: localhost:8080
User-Agent: curl/8.5.0
Accept: */*


Sun Jun 21 05:35:32 2026
 GET /hello HTTP/1.1
Host: localhost:8080
User-Agent: curl/8.5.0
Accept: */*


Sun Jun 21 05:35:32 2026
 GET /hello HTTP/1.1
Host: localhost:8080
User-Agent: curl/8.5.0
Accept: */*


Sun Jun 21 05:35:32 2026
 GET /hello HTTP/1.1
Host: localhost:8080
User-Agent: curl/8.5.0
Accept: */*


Sun Jun 21 05:35:32 2026
 GET /hello HTTP/1.1
Host: localhost:8080
User-Agent: curl/8.5.0
Accept: */*


Sun Jun 21 05:35:32 2026
 GET /hello HTTP/1.1
Host: localhost:8080
User-Agent: curl/8.5.0
Accept: */*


Sun Jun 21 05:35:32 2026
 GET /hello HTTP/1.1
Host: localhost:8080
User-Agent: curl/8.5.0
Accept: */*


Sun Jun 21 05:35:32 2026
 GET /hello HTTP/1.1
Host: localhost:8080
User-Agent: curl/8.5.0
Accept: */*


Sun Jun 21 05:35:32 2026
 GET /hello HTTP/1.1
Host: localhost:8080
User-Agent: curl/8.5.0
Accept: */*


Sun Jun 21 05:39:27 2026
 GET /hello HTTP/1.1
Host: localhost:8080
User-Agent: curl/8.5.0
Accept: */*


Sun Jun 21 05:39:27 2026
 GET /hello HTTP/1.1
Host: localhost:8080
User-Agent: curl/8.5.0
Accept: */*


Sun Jun 21 05:39:27 2026
 GET /hello HTTP/1.1
Host: localhost:8080
User-Agent: curl/8.5.0
Accept: */*


Sun Jun 21 05:39:27 2026
 GET /hello HTTP/1.1
Host: localhost:8080
User-Agent: curl/8.5.0
Accept: */*


Sun Jun 21 05:39:27 2026
 GET /hello HTTP/1.1
Host: localhost:8080
User-Agent: curl/8.5.0
Accept: */*


Sun Jun 21 05:39:27 2026
 GET /hello HTTP/1.1
Host: localhost:8080
User-Agent: curl/8.5.0
Accept: */*


Sun Jun 21 05:39:27 2026
 GET /hello HTTP/1.1
Host: localhost:8080
User-Agent: curl/8.5.0
Accept: */*


Sun Jun 21 05:39:27 2026
 GET /hello HTTP/1.1
Host: localhost:8080
User-Agent: curl/8.5.0
Accept: */*


Sun Jun 21 05:39:27 2026
 GET /hello HTTP/1.1
Host: localhost:8080
User-Agent: curl/8.5.0
Accept: */*


Sun Jun 21 05:39:27 2026
 GET /hello HTTP/1.1
Host: localhost:8080
User-Agent: curl/8.5.0
Accept: */*


Sun Jun 21 05:39:27 2026
 GET /hello HTTP/1.1
Host: localhost:8080
User-Agent: curl/8.5.0
Accept: */*


Sun Jun 21 05:39:27 2026
 GET /hello HTTP/1.1
Host: localhost:8080
User-Agent: curl/8.5.0
Accept: */*


Sun Jun 21 05:39:27 2026
 GET /hello HTTP/1.1
Host: localhost:8080
User-Agent: curl/8.5.0
Accept: */*


Sun Jun 21 05:39:27 2026
 GET /hello HTTP/1.1
Host: localhost:8080
User-Agent: curl/8.5.0
Accept: */*


Sun Jun 21 05:39:27 2026
 GET /hello HTTP/1.1
Host: localhost:8080
User-Agent: curl/8.5.0
Accept: */*


Sun Jun 21 05:39:27 2026
 GET /hello HTTP/1.1
Host: localhost:8080
User-Agent: curl/8.5.0
Accept: */*


Sun Jun 21 05:39:27 2026
 GET /hello HTTP/1.1
Host: localhost:8080
User-Agent: curl/8.5.0
Accept: */*


Sun Jun 21 05:39:27 2026
 GET /hello HTTP/1.1
Host: localhost:8080
User-Agent: curl/8.5.0
Accept: */*


Sun Jun 21 05:39:27 2026
 GET /hello HTTP/1.1
Host: localhost:8080
User-Agent: curl/8.5.0
Accept: */*


Sun Jun 21 05:39:27 2026
 GET /hello HTTP/1.1
Host: localhost:8080
User-Agent: curl/8.5.0
Accept: */*


Sun Jun 21 05:44:16 2026
 GET /api/status HTTP/1.1
Host: localhost:8080
User-Agent: curl/8.5.0
Accept: */*


Sun Jun 21 05:46:51 2026
 GET /api/status HTTP/1.1
Host: localhost:8080
User-Agent: curl/8.5.0
Accept: */*


